\BOOKMARK [1][-]{section.1}{Introduction}{}% 1
\BOOKMARK [2][-]{subsection.1.1}{Context}{section.1}% 2
\BOOKMARK [2][-]{subsection.1.2}{Motivation}{section.1}% 3
\BOOKMARK [2][-]{subsection.1.3}{Challenge}{section.1}% 4
\BOOKMARK [1][-]{section.2}{General Problem}{}% 5
\BOOKMARK [1][-]{section.3}{Research Project}{}% 6
\BOOKMARK [2][-]{subsection.3.1}{Specific Problem}{section.3}% 7
\BOOKMARK [2][-]{subsection.3.2}{Research Aim of the Project}{section.3}% 8
\BOOKMARK [1][-]{section.4}{Theoretical Background}{}% 9
\BOOKMARK [2][-]{subsection.4.1}{Urban and Regional Planning}{section.4}% 10
\BOOKMARK [2][-]{subsection.4.2}{Smart Cities, Analytics and Informatics}{section.4}% 11
\BOOKMARK [2][-]{subsection.4.3}{Complex Systems}{section.4}% 12
\BOOKMARK [2][-]{subsection.4.4}{Urban Economics}{section.4}% 13
\BOOKMARK [2][-]{subsection.4.5}{Networks Science}{section.4}% 14
\BOOKMARK [1][-]{section.5}{Case Study: Waste MGMT \046 Food Sytems}{}% 15
\BOOKMARK [2][-]{subsection.5.1}{Waste MGMT System}{section.5}% 16
\BOOKMARK [2][-]{subsection.5.2}{Food System}{section.5}% 17
\BOOKMARK [2][-]{subsection.5.3}{Small note on the systems}{section.5}% 18
\BOOKMARK [1][-]{section.6}{Smart Cities \046 Urban Informatics}{}% 19
\BOOKMARK [2][-]{subsection.6.1}{Data Science}{section.6}% 20
\BOOKMARK [2][-]{subsection.6.2}{New Data Sources}{section.6}% 21
\BOOKMARK [2][-]{subsection.6.3}{Data Capture}{section.6}% 22
\BOOKMARK [2][-]{subsection.6.4}{Visualizations}{section.6}% 23
\BOOKMARK [1][-]{section.7}{Tentative Lines of Research}{}% 24
\BOOKMARK [2][-]{subsection.7.1}{Networks, Boundaries \046 Peformance}{section.7}% 25
\BOOKMARK [2][-]{subsection.7.2}{Urban Form, Land Use \(Function\) and Performance}{section.7}% 26
\BOOKMARK [2][-]{subsection.7.3}{Network characteristics of food and waste MGMT}{section.7}% 27
\BOOKMARK [2][-]{subsection.7.4}{The Role of Location to enhance Circular Economy in the City-Region}{section.7}% 28
\BOOKMARK [2][-]{subsection.7.5}{Integration between the food System and waste MGMT}{section.7}% 29
\BOOKMARK [1][-]{section.8}{Future Steps}{}% 30
